<?xml version="1.0" encoding="UTF-8"?>
<testsuite name="com.thoughtworks.PowerTest" tests="4" skipped="0" failures="0" errors="0" timestamp="2022-02-15T10:31:22" hostname="VARUN-PC7701" time="0.001">
  <properties/>
  <testcase name="givenTwoRaisedOneWhenCalculatedShouldEquateToTwo" classname="com.thoughtworks.PowerTest" time="0.001"/>
  <testcase name="givenTwoRaisedThreeWhenCalculatedShouldEquateToEight" classname="com.thoughtworks.PowerTest" time="0.0"/>
  <testcase name="givenOneRaisedOneWhenCalculatedShouldEquateToOne" classname="com.thoughtworks.PowerTest" time="0.0"/>
  <testcase name="givenTwoRaisedTwoWhenCalculatedShouldEquateToFour" classname="com.thoughtworks.PowerTest" time="0.0"/>
  <system-out><![CDATA[]]></system-out>
  <system-err><![CDATA[]]></system-err>
</testsuite>
